<?xml version="1.0" encoding="UTF-8"?>
<!-- Generated by org.testng.reporters.JUnitXMLReporter -->
<testsuite hostname="leanft-PC" ignored="0" name="Sanity" tests="4" failures="0" timestamp="25 Jun 2017 19:40:49 GMT" time="41.775" errors="0">
  <testcase name="checkHomePageSections" time="9.798" classname="test.HomePageTest"/>
  <testcase name="testLogin" time="5.815" classname="test.HomePageTest"/>
  <testcase name="testLogin" time="4.452" classname="test.HomePageTest"/>
  <testcase name="checkSpecials" time="5.508" classname="test.HomePageTest"/>
</testsuite> <!-- Sanity -->
