<?xml version="1.0" encoding="UTF-8"?>
<!-- Generated by org.testng.reporters.JUnitXMLReporter -->
<testsuite hostname="leanft-PC" ignored="4" name="LeanFtTest" tests="3" failures="0" timestamp="27 Jun 2017 03:10:22 GMT" time="90.086" errors="0">
  <testcase name="UploadFileToDrive" time="22.067" classname="test.GDriveTest"/>
  <testcase name="createContact" time="14.557" classname="test.ContactsTest"/>
  <testcase name="SendMail" time="23.432" classname="test.GMailTest"/>
  <testcase name="@AfterSuite tearDown" time="0.0" classname="test.BaseTest">
    <ignored/>
  </testcase> <!-- @AfterSuite tearDown -->
  <testcase name="@AfterSuite tearDown" time="0.0" classname="test.BaseTest">
    <ignored/>
  </testcase> <!-- @AfterSuite tearDown -->
  <testcase name="@BeforeSuite Start_Engine" time="0.0" classname="test.BaseTest">
    <ignored/>
  </testcase> <!-- @BeforeSuite Start_Engine -->
  <testcase name="@BeforeSuite Start_Engine" time="0.0" classname="test.BaseTest">
    <ignored/>
  </testcase> <!-- @BeforeSuite Start_Engine -->
</testsuite> <!-- LeanFtTest -->
