<?xml version="1.0" encoding="UTF-8"?>
<!-- Generated by org.testng.reporters.JUnitXMLReporter -->
<testsuite hostname="leanft-PC" ignored="2" name="LeanFtTest" tests="2" failures="0" timestamp="27 Jun 2017 02:06:46 GMT" time="86.68" errors="0">
  <testcase name="UploadFileToDrive" time="47.304" classname="test.GDriveTest"/>
  <testcase name="createContact" time="14.105" classname="test.ContactsTest"/>
  <testcase name="@AfterSuite tearDown" time="0.0" classname="test.BaseTest">
    <ignored/>
  </testcase> <!-- @AfterSuite tearDown -->
  <testcase name="@BeforeSuite Start_Engine" time="0.0" classname="test.BaseTest">
    <ignored/>
  </testcase> <!-- @BeforeSuite Start_Engine -->
</testsuite> <!-- LeanFtTest -->
